cscope 15 $HOME/work/host/laiqu/statistics -q 0000000134 0000015808
	@consumedCoupons.php

1 ï»¿<?
php


2 
»quœe_Úû
('../common/checkAuthority.php');

3 
»quœe_Úû
('../common/include/errorCatcher.php');

4 
»quœe_Úû
('../module/Coupon.php');

5 
»quœe_Úû
('../common/common.php');

7 
defše
("TABLE_ROW_NUMS", 6);

9 
	g$®lowPageShowNums
 = 6;

10 
	g$·¹ÃrId
 = 
$_SESSION
['partnerId'];

11 
	g$Üd”Id
 = 0;

14 if(
is£t
(
$_GET
['fromTeamPage']))

16 
	g$_SESSION
['äomT—mPage'] = 
$_GET
['fromTeamPage'];

18 
	g$äomT—mPage
 = 
is£t
(
$_SESSION
['fromTeamPage'])? $_SESSION['fromTeamPage'] : 1;

19 if(
is£t
(
$_GET
['teamId']))

21 
	g$_SESSION
['‹amId'] = 
$_GET
['teamId'];

23 
	g$‹amId
 = 
is£t
(
$_SESSION
['teamId'])? $_SESSION['teamId']: 0;

24 if(
is£t
(
$_GET
['platform']))

26 
	g$_SESSION
['¶©fÜm'] = 
$_GET
['platform'];

28 
	g$¶©fÜm
 = 
is£t
(
$_SESSION
['platform'])? $_SESSION['platform']: '';

30 
	g$Üd”Id
 = 
is£t
(
$_GET
['orderId'])? $_GET['orderId']: 0;

31 
	g$coupÚId
 = 
is£t
(
$_GET
['couponId'])? $_GET['couponId']: 0;

32 
	g$mobe
 = 
is£t
(
$_GET
['mobile'])? $_GET['mobile']: '';

34 
	g$·ge
 = 1;

35 ià(
is£t
(
$_GET
['·ge']è&& 
	g$_GET
['page'] > 0)

36 
	g$·ge
 = 
$_GET
['page'];

37 
	g$¡¬t
 = (
$·ge
-1)*
TABLE_ROW_NUMS
;

39 
	g$coupÚ
 = 
Ãw
 
CoupÚ
();

41 
	g$£¬chF›lds
 = 
¬¿y
(

42 '·¹ÃrId' => 
$·¹ÃrId
,

43 '‹amId' => 
$‹amId
,

44 '¶©fÜm' => 
$¶©fÜm
,

45 'Üd”Id' => 
$Üd”Id
,

46 'coupÚId' => 
$coupÚId
,

47 'mobe' => 
$mobe
);

48 
	g$coupÚLi¡
 = 
$coupÚ
->
g‘_cÚsumedCoupÚs
(
$£¬chF›lds
, 
$¡¬t
, 
TABLE_ROW_NUMS
);

49 
	g$coupÚTÙ®Nums
 = 
$coupÚ
->
g‘_cÚsumedCoupÚNums
(
$£¬chF›lds
);

50 
	g$tÙ®Pages
 = 
ÿl_tÙ®Pages
(
$coupÚTÙ®Nums
, 
TABLE_ROW_NUMS
);

53 <
html
 
	gxmÊs
="http://www.w3.org/1999/xhtml">

54 <
h—d
>

55 <
t™Ë
>éªŒè¯å¹³å°</title>

56 <
m‘a
 
h‰p
-
equiv
="CÚ‹Á-Ty³" 
cÚ‹Á
="text/html; charset=utf-8">

58 <
lšk
 
h»f
="../css/com_css.css" 
»l
="¡yËsh“t" 
ty³
="text/css" />

59 <
lšk
 
h»f
="css/coupÚ_css.css" 
»l
="¡yËsh“t" 
ty³
="text/css" />

60 <
süt
 
¤c
='../js/jquery.min.js'></script>

61 <
süt
 
¤c
='../js/common_funcs.js'></script>

62 <
süt
 
¤c
='js/consumedCoupon.js'></script>

63 </
h—d
>

64 <
body
>

67 <
div
 
şass
="maš" 
id
="main">

71 <
div
 
şass
="top_blank">

72 </
div
>

74 <
div
 
şass
="top">

75 <
img
 
¤c
="../images/logo.jpg" />

76 </
div
>

78 <
div
 
şass
="body">

80 <
div
 
şass
="body_l">

81 <
div
 
şass
="nav">

83 <?
php


84 
»quœe
 '../common/templates/left_nav_bar.php';

87 </
	gdiv
>

89 <
div
 
	gşass
="serv">

90 <
div
 
şass
="‹l" 
h»f
="javascript:void(0);"> </div>

91 <
a
 
şass
="online_qq"></a>

92 </
div
>

94 </
div
>

96 <
div
 
şass
="body_r fl">

97 <
p
 
şass
="t™Ë_r"
i
>><
a
 
h»f
="‹amLi¡.php" 
¡yË
="cŞÜ:#çad08;">é¡¹ç›®åˆ—è¡¨</a>&
nb¥
>å·²æ¶ˆè´¹åˆ¸åˆ—è¡¨</p>

99 <
div
 
şass
="title_line"></div>

101 <
div
 
şass
="search" >

102 <
a
 
şass
="back_‹xˆæ" 
h»f
="teamList.php?page=<?phpƒcho $fromTeamPage; ?>">è¿”å›</a>

103 <
p
 
şass
="search_text fl">è®¢å•å·</p>

104 <
šput
 
şass
="Üd”Id fl" 
Çme
="" 
id
="Üd”IdS—rch" 
v®ue
=""/>

106 <
p
 
şass
="search_text fl">åˆ¸å·</p>

107 <
šput
 
şass
="coupÚId fl" 
Çme
="" 
id
="coupÚIdS—rch" 
v®ue
=""/>

109 <
p
 
şass
="search_text fl">æ‰‹æœºå·</p>

110 <
šput
 
şass
="U£ºamæ" 
Çme
="" 
id
="mobeS—rch" 
v®ue
=""/>

112 <
a
 
şass
="£¬ch_bu‰Ú fl" 
ty³
="" 
v®ue
="" 
Çme
="" 
id
="£¬chCoupÚ" 
h»f
="javasüt:void(0);"><
img
 
¤c
="../images/search.jpg" /></a>

114 </
div
>

119 <
div
 
şass
="table">

120 <
div
 
şass
="table_title">

121 <
div
 
şass
="1 fl">

122 <
p
 
şass
="table_title_text">è®¢å•å·</p>

123 </
div
>

124 <
div
 
şass
="t2 fl">

125 <
p
 
şass
="table_title_text">é¡¹ç›®åç§°</p>

126 </
div
>

127 <
div
 
şass
="t3 fl">

128 <
p
 
şass
="table_title_text">åˆ¸å·</p>

129 </
div
>

130 <
div
 
şass
="t4 fl">

131 <
p
 
şass
="table_title_text">è´­ä¹°è€…æ‰‹æœºå·</p>

132 </
div
>

133 <
div
 
şass
="t1 fl">

134 <
p
 
şass
="table_title_text">é”€åˆ¸æ¬¡æ•°</p>

135 </
div
>

136 <
div
 
şass
="t5 fl">

137 <
p
 
şass
="table_title_text">æ¶ˆè´¹æ—¶é—´</p>

138 </
div
>

139 </
div
>

141 <?
php


142 
$htmlCoupÚLi¡
 = '';

143 
	g$i
=0; $˜< 
couÁ
(
$coupÚLi¡
); $i++)

145 
	g$cÚsumeCoupÚ
 = 
$coupÚLi¡
[
$i
];

146 ià(
	g$i
%2 == 0)

147 
$oddCÏss
 = " item_bg";

149 
	g$oddCÏss
 = "";

150 
	g$htmlCoupÚLi¡
 .= "<div class='table_item_1' id='couponRowWrap_{$i}'>

151 <
div
 
şass
='item1 fl$oddClass'>

152 <
a
 
şass
='bË_™em_‹xˆ'>{
$cÚsumeCoupÚ
['orderId']}</a>

153 </
div
>

154 <
div
 
şass
='item2 fl$oddClass'>

155 <
a
 
şass
='bË_™em_‹xt' >{
$cÚsumeCoupÚ
['teamTitle']}</a>

156 </
div
>

157 <
div
 
şass
='item3 fl$oddClass'>

158 <
a
 
şass
='bË_™em_‹xt' >{
$cÚsumeCoupÚ
['platformCouponId']}</a>

159 </
div
>

160 <
div
 
şass
='item4 fl$oddClass'>

161 <
a
 
şass
='bË_™em_‹xt' >{
$cÚsumeCoupÚ
['consumerMobile']}</a>

162 </
div
>

163 <
div
 
şass
='item1 fl$oddClass'>

164 <
a
 
şass
='bË_™em_‹xt' >{
$cÚsumeCoupÚ
['consumeTimes']}</a>

165 </
div
>

166 <
div
 
şass
='item6 fl$oddClass'>

167 <
a
 
şass
='table_item_text' >";

168 
$htmlCoupÚLi¡
 .ğ
d©e
('Y-m-d',
$cÚsumeCoupÚ
['consumeTime']).

169 "<b¸/>".
d©e
('h:i:s',
$cÚsumeCoupÚ
['consumeTime'])."</a> </div> </div>";

171 
echo
 
	g$htmlCoupÚLi¡
;

174 </
	gdiv
>

175 <
šput
 
	gty³
='hidd’' 
id
='·ge' <?
php
 
echo
 "v®ue=".
$·ge
; ?> />

176 <
šput
 
	gty³
='hidd’' 
id
='Üd”Id' <?
php
 ià(
$Üd”Id
 >0è
echo
 "value=".$orderId; ?> />

177 <
šput
 
	gty³
='hidd’' 
id
='coupÚId' <?
php
 ià(
$coupÚId
 >0è
echo
 "value=".$couponId; ?> />

178 <
šput
 
	gty³
='hidd’' 
id
='mobe' <?
php
 ià(
$mobe
 !==''è
echo
 "value='".$mobile."'"; ?> />

179 <
šput
 
	gty³
='hidd’' 
id
='cÚsumedCoupÚNums' <?
php
 
echo
 "v®ue=".
$cÚsumedCoupÚNums
; ?> />

181 <
div
 
	gşass
="page_turn">

182 <
a
 
şass
="tuº_‹xˆæ" 
h»f
="javasüt:void(0);" 
id
='goPrevPage'> ä¸Šä¸€é¡µ </a>

183 <
div
 
şass
="page fl">

184 <
p
 
şass
="tuº_‹xt" 
id
='·geG­'>&
nb¥


185 <?
php


186 
$showPageNums
 = 11;

187 
	g$u¾P»fix
 = "consumedCoupons.php?action=search";

188 ià(
	g$Üd”Id
 > 0è
	g$u¾P»fix
 .= "&orderId=$orderId";

189 ià(
	g$coupÚId
 > 0è
	g$u¾P»fix
 .= "&couponId=$couponId";

190 ià(
	g$mobe
 !=ğ""è
$u¾P»fix
 .= "&mobile=$mobile";

191 
	g$u¾P»fix
 .= "&";

192 
echo
 
g‘_·geNavHtml
(
$·ge
, 
$tÙ®Pages
, 
$u¾P»fix
, 
$showPageNums
);

194 &
	gnb¥
</
	gp
>

195 </
	gdiv
>

196 <
a
 
	gşass
="tuºexˆæ" 
h»f
="javasüt:void(0);" 
id
='goNextPage'> ä¸‹ä¸€é¡µ </a>

197 </
div
>

199 </
div
>

205 </
div
>

207 <
div
 
şass
="footer">

211 <
div
 
şass
="bottom_line ">

212 </
div
>

214 <
p
 
şass
="footer_text">æ¥ è¶£ ç½‘ ç»œ ç§‘ æŠ€ æœ‰ é™ å…¬ å¸</p>

216 </
div
>

218 </
div
>

230 </
body
>

231 </
html
>

	@teamList.php

1 ï»¿<?
php


2 
»quœe_Úû
('../common/checkAuthority.php');

3 
»quœe_Úû
('../common/include/errorCatcher.php');

4 
»quœe_Úû
('../module/Coupon.php');

5 
»quœe_Úû
('../module/Team.php');

6 
»quœe_Úû
('../common/common.php');

8 
defše
("TABLE_ROW_NUMS", 4);

10 
	g$·¹ÃrId
 = 
$_SESSION
['partnerId'];

11 
	g$Üd”Id
 = 0;

12 
	g$®lowPageShowNums
 = 6;

14 
	g$·ge
 = 1;

15 ià(
is£t
(
$_GET
['·ge']è&& 
	g$_GET
['page'] > 0)

16 
	g$·ge
 = 
$_GET
['page'];

17 
	g$¡¬t
 = (
$·ge
-1)*
TABLE_ROW_NUMS
;

19 
	g$‹am
 = 
Ãw
 
T—m
();

21 
	g$£¬chF›lds
 = 
¬¿y
(

22 '·¹ÃrId' => 
$·¹ÃrId
);

23 
	g$‹amLi¡
 = 
$‹am
->
g‘_‹ams
(
$£¬chF›lds
, 
$¡¬t
, 
TABLE_ROW_NUMS
);

24 
	g$‹amNums
 = 
$‹am
->
g‘_‹amNums
(
$£¬chF›lds
);

25 
	g$tÙ®Pages
 = 
ÿl_tÙ®Pages
(
$‹amNums
, 
TABLE_ROW_NUMS
);

28 <
html
 
	gxmÊs
="http://www.w3.org/1999/xhtml">

29 <
h—d
>

30 <
t™Ë
>éªŒè¯å¹³å°</title>

31 <
m‘a
 
h‰p
-
equiv
="CÚ‹Á-Ty³" 
cÚ‹Á
="text/html; charset=utf-8">

33 <
lšk
 
h»f
="../css/com_css.css" 
»l
="¡yËsh“t" 
ty³
="text/css" />

34 <
lšk
 
h»f
="css/couÁ_css.css" 
»l
="¡yËsh“t" 
ty³
="text/css" />

36 <
süt
 
¤c
='../js/jquery.min.js'></script>

37 <
süt
 
¤c
='js/teamList.js'></script>

38 <
süt
 
¤c
="../js/common_funcs.js"></script>

39 </
h—d
>

40 <
body
>

43 <
div
 
şass
="maš" 
id
="main">

47 <
div
 
şass
="top_blank">

48 </
div
>

50 <
div
 
şass
="top">

51 <
img
 
¤c
="../images/logo.jpg" />

52 </
div
>

54 <
div
 
şass
="body">

56 <
div
 
şass
="body_l">

57 <
div
 
şass
="nav">

60 <?
php


61 
»quœe
 '../common/templates/left_nav_bar.php';

63 </
	gdiv
>

65 <
div
 
	gşass
="serv">

66 <
div
 
şass
="‹l" 
h»f
="javascript:void(0);"> </div>

67 <
a
 
şass
="online_qq"></a>

68 </
div
>

70 </
div
>

72 <
div
 
şass
="body_r fr">

73 <
p
 
şass
="title_r">>é¡¹ç›®åˆ—è¡¨</p>

75 <
div
 
şass
="title_line"></div>

77 <
div
 
şass
="table">

78 <
div
 
şass
="table_title">

79 <
div
 
şass
="1 fl">

80 <
p
 
şass
="bË_t™Ë_‹xt">é¡¹ç›®
ID
</p>

81 </
div
>

82 <
div
 
şass
="t2 fl">

83 <
p
 
şass
="table_title_text">é¡¹ç›®åç§°</p>

84 </
div
>

85 <
div
 
şass
="t3 fl">

86 <
p
 
şass
="table_title_text">å¹³å°</p>

87 </
div
>

88 <
div
 
şass
="t3 fl">

89 <
p
 
şass
="table_title_text">æ—¥æœŸ</p>

90 </
div
>

91 <
div
 
şass
="t1 fl">

92 <
p
 
şass
="table_title_text">æ¶ˆè´¹æ¬¡æ•°</p>

93 </
div
>

94 <
div
 
şass
="t1 fl">

95 <
p
 
şass
="table_title_text">å›¢è´­ä»·</p>

96 </
div
>

97 <
div
 
şass
="t4 fl">

98 <
p
 
şass
="table_title_text">æ“ä½œ</p>

99 </
div
>

100 </
div
>

102 <!--<
div
 
şass
="table_item">-->

103 <?
php


104 
$nuÎD©aSŒšg
 = '/';

105 
	g$htmlT—mLi¡
 = '';

106 
	g$i
 = 0; $˜< 
couÁ
(
$‹amLi¡
); $i++)

108 
fÜ—ch
 (
$‹amLi¡
[
$i
] 
as
 
$key
 => 
$v®ue
)

110 
$$key
 = 
$v®ue
;

112 ià(
	g$i
%2 != 0)

113 
$oddEv’CÏss
 = ' item_bg';

115 
	g$oddEv’CÏss
 = '';

118 
	g$£¬chF›lds
 = 
¬¿y
(

119 '·¹ÃrId' => 
$·¹ÃrId
,

120 '‹amId' => 
$‹amId
);

121 
	g$coupÚObj
 = 
Ãw
 
CoupÚ
();

122 
	g$cÚsumedCoupÚtimes
 = 
$coupÚObj
->
g‘_cÚsumedCoupÚtimes
(
$£¬chF›lds
);

124 
	g$htmlT—mLi¡
 .= "<div class='table_item_1' id='teamRowWrap_{$i}'>

125 <
div
 
şass
='item1 fl{$oddEvenClass}'>";

126 ià(
time
()< 
$expœeTime
 && 
$¡©e
 == 'undone')

127 
$htmlT—mLi¡
 .= "<div class='new_ico '></div>";

128 
	g$htmlT—mLi¡
 .="<a class='table_item_id ' >{$teamId}</a>

129 </
div
>

130 <
div
 
şass
='item2 fl{$oddEvenClass}'>

131 <
a
 
şass
='bË_™em_‹xt' >{
$‹amT™Ë
}</a>

132 </
div
>

133 <
div
 
şass
='item3 fl{$oddEvenClass}'>

134 <
a
 
şass
='bË_™em_icØæ' ><
img
 
¤c
='../images/logo_‹am_{$¶©fÜmKey}.jpg' 
®t
='$¶©fÜmT™Ë' 
t™Ë
='$platformTitle'/></a>

135 </
div
> <div 
şass
='item4 fl{$oddEvenClass}'>

136 <
a
 
şass
='table_item_text' >";

137 
$begšTimeSŒšg
 = 
$’dTimeSŒšg
 = 
$nuÎD©aSŒšg
;

138 ià(
	g$begšTime
 >0è
	g$begšTimeSŒšg
 = 
d©e
('Y-m-d',
$begšTime
);

139 ià(
	g$’dTime
 >0è
	g$’dTimeSŒšg
 = 
d©e
('Y-m-d',
$’dTime
);

140 
	g$htmlT—mLi¡
 .ğ
$begšTimeSŒšg
.'<b¸/>'.
$’dTimeSŒšg
;

141 
	g$htmlT—mLi¡
 .="</a></div>

142 <
div
 
şass
='item1 fl{$oddEvenClass}'>

143 <
a
 
şass
='bË_™em_‹xt' >{
$cÚsumedCoupÚtimes
}</a>

144 </
div
>

145 <
div
 
şass
='item6 fl{$oddEvenClass}'>

146 <
a
 
şass
='bË_™em_‹xt' >ï¿¥{
$‹amPriû
}";

147 ià(
$m¬k‘Priû
 > 0è
$htmlT—mLi¡
 .="<br />ï¿¥{$marketPrice}";

148 
	g$htmlT—mLi¡
.="</a>

149 </
div
>

150 <
div
 
şass
='item7 fl{$oddEvenClass}'>

151 <
div
 
şass
='n_1'>

152 <
a
 
şass
='bË_™em_‹xˆxf' 
h»f
='cÚsumedCoupÚs.php?‹amId={$‹amId}&¶©fÜm={$¶©fÜmKey}&äomT—mPage={$·ge}'>æŸ¥çœ‹é”€åˆ¸åˆ—è¡¨</a><
p
 cÏss='bË_™em_‹xˆæ_lše'></p></
div
>

153 <
br
 /><br />

154 <
div
 
şass
='n_2'>

155 <
a
 
şass
='bË_™em_‹xˆxz' 
h»f
='‹amToExûl.php?‹amid={$‹amId}'>å¯¼å‡º
Exûl
</a>

156 <
a
 
şass
='bË_™em_‹xt' 
h»f
='javasüt:void(0);' 
¡yË
='display:none;'> ! ç»Ÿè®¡</a>

157 </
div
></div></div>";

159 
echo
 
	g$htmlT—mLi¡
;

163 </
	gdiv
>

164 <
šput
 
	gty³
='hidd’' 
id
='·ge' <?
php
 
echo
 "v®ue=".
$·ge
; ?> />

165 <
šput
 
	gty³
='hidd’' 
id
='‹amNums' <?
php
 
echo
 "v®ue=".
$‹amNums
; ?> />

167 <
div
 
	gşass
="page_turn">

168 <
a
 
şass
="tuº_‹xˆæ" 
h»f
="javasüt:void(0);" 
id
='goPrevPage'> ä¸Šä¸€é¡µ </a>

169 <
div
 
şass
="page fl">

170 <
p
 
şass
="tuº_‹xt" 
id
='·geG­'>&
nb¥


171 <?
php


172 
$showPageNums
 = 11;

173 
	g$u¾P»fix
 = "teamList.php?";

174 
echo
 
g‘_·geNavHtml
(
$·ge
, 
$tÙ®Pages
, 
$u¾P»fix
, 
$showPageNums
);

177 &
	gnb¥
</
	gp
>

178 </
	gdiv
>

179 <
a
 
	gşass
="tuºexˆæ" 
h»f
="javasüt:void(0);" 
id
='goNextPage'> ä¸‹ä¸€é¡µ </a>

180 </
div
>

182 </
div
>

188 </
div
>

190 <
div
 
şass
="footer">

194 <
div
 
şass
="bottom_line ">

195 </
div
>

197 <
p
 
şass
="footer_text">æ¥ è¶£ ç½‘ ç»œ ç§‘ æŠ€ æœ‰ é™ å…¬ å¸</p>

199 </
div
>

201 </
div
>

213 </
body
>

214 </
html
>

	@teamToExcel.php

1 <?
php


2 
»quœe_Úû
('../common/checkAuthority.php');

3 
»quœe_Úû
('../common/include/errorCatcher.php');

4 
»quœe_Úû
('../module/Coupon.php');

5 
»quœe_Úû
('../module/Team.php');

6 
»quœe_Úû
('../common/common.php');

7 
»quœe_Úû
("../common/class/PHPExcel.php");

9 ià(!
is£t
(
$_GET
['‹amid']è|| 
	g$_GET
['teamid'] < 1)

11 
	gecho
 "false";

12 
	gex™
;

16 
	g$m_objPHPExûl
 = 
Ãw
 
PHPExûl
();

18 
	g$coupÚ
 = 
Ãw
 
CoupÚ
();

20 
	g$£¬chF›lds
 = 
¬¿y
('·¹ÃrId' => 
$_SESSION
['partnerId'],

21 '‹amId' => 
$_GET
['teamid']);

23 
	g$coupÚSql
 = 
$coupÚ
->
g’_coupÚS—rchSql
(
$£¬chF›lds
);

25 
	g$coupÚResuÉ
 = 
mysql_qu”y
(
$coupÚSql
);

29 
	g$f›ldKeys
 = 
¬¿y
("è®¢å•å·", "é¡¹ç›®åç§°", "åˆ¸å·", "è´­ä¹°è€…æ‰‹æœºå·", "é”€åˆ¸æ¬¡æ•°", "æ¶ˆè´¹æ—¶é—´");

30 
	g$f›ldD©aKeys
 = 
¬¿y
("orderId", "teamTitle", "couponId", "consumerMobile", "consumeTimes", "consumeTime");

31 
	g$cŞ
 = 0; $cŞ < 
couÁ
(
$f›ldKeys
); $col++)

33 
	g$keyC–l
 = 
$m_objPHPExûl
->
g‘AùiveSh“t
()->
g‘C–lByCŞumnAndRow
(
$cŞ
, 1);

34 
	g$keyC–l
->
£tV®ueEx¶ic™
(
$f›ldKeys
[
$cŞ
],
PHPExûl_C–l_D©aTy³
::
TYPE_STRING
);

37 
	g$coupÚRow
 = 
¬¿y
();

38 
	g$coupÚNums
 = 
mysql_num_rows
(
$coupÚResuÉ
);

39 
	g$cÚsumeTimes
 = 0;

40 
	g$row
 = 2; $row <ğ
$coupÚNums
+1; $row++)

42 
	g$coupÚRow
 = 
mysql_ãtch_assoc
(
$coupÚResuÉ
);

43 
	g$cÚsumeTimes
 +ğ
$coupÚRow
['consumeTimes'];

44 
	g$cŞ
 = 0; $cŞ < 
couÁ
(
$f›ldD©aKeys
); $col++)

46 
	g$v®ueC–l
 = 
$m_objPHPExûl
->
g‘AùiveSh“t
()->
g‘C–lByCŞumnAndRow
(
$cŞ
, 
$row
);

47 
	g$v®ueC–l
->
£tV®ueEx¶ic™
(
$coupÚRow
[
$f›ldD©aKeys
[
$cŞ
]],
PHPExûl_C–l_D©aTy³
::
TYPE_STRING
);

52 
	g$coupÚNumsKeyC–l
 = 
$m_objPHPExûl
->
g‘AùiveSh“t
()->
g‘C–lByCŞumnAndRow
(0, 
$row
);

53 
	g$coupÚNumsKeyC–l
->
£tV®ueEx¶ic™
("å·²æ¶ˆè´¹åˆ¸æ•°",
PHPExûl_C–l_D©aTy³
::
TYPE_STRING
);

54 
	g$coupÚNumsV®ueC–l
 = 
$m_objPHPExûl
->
g‘AùiveSh“t
()->
g‘C–lByCŞumnAndRow
(1, 
$row
);

55 
	g$coupÚNumsV®ueC–l
->
£tV®ueEx¶ic™
(
$coupÚNums
,
PHPExûl_C–l_D©aTy³
::
TYPE_STRING
);

56 
	g$coupÚTimesKeyC–l
 = 
$m_objPHPExûl
->
g‘AùiveSh“t
()->
g‘C–lByCŞumnAndRow
(0, 
$row
+1);

57 
	g$coupÚTimesKeyC–l
->
£tV®ueEx¶ic™
("å·²æ¶ˆè´¹æ¬¡æ•°",
PHPExûl_C–l_D©aTy³
::
TYPE_STRING
);

58 
	g$coupÚTimesV®ueC–l
 = 
$m_objPHPExûl
->
g‘AùiveSh“t
()->
g‘C–lByCŞumnAndRow
(1, 
$row
+1);

59 
	g$coupÚTimesV®ueC–l
->
£tV®ueEx¶ic™
(
$cÚsumeTimes
,
PHPExûl_C–l_D©aTy³
::
TYPE_STRING
);

61 
	g$sh“tT™Ë
 = 
$coupÚRow
['teamTitle']."_é”€åˆ¸åˆ—è¡¨";

63 
šşude
("../common/laiqu_excel.php");

65 
	g$m_expÜtTy³
 = "excel";

67 
	g$m_¡rOuutExûlFeName
 = 
$sh“tT™Ë
."_".
d©e
('Y-m-j_H_i_s').".xls";

70 if(
	g$m_expÜtTy³
=="excel"){

71 
$objWr™”
 = 
PHPExûl_IOFaùÜy
::
ü—‹Wr™”
(
$m_objPHPExûl
, 'Excel5');

74 
h—d”
("Pragma:…ublic");

75 
h—d”
("Expires: 0");

76 
h—d”
("Cache-Control:must-revalidate,…ost-check=0,…re-check=0");

77 
h—d”
("Content-Type:application/force-download");

78 
h—d”
("Content-Type:‡pplication/vnd.ms-excel;");

79 
h—d”
("Content-Type:application/octet-stream");

80 
h—d”
("Content-Type:application/download");

81 
h—d”
("CÚ‹Á-Di¥os™iÚ:©chm’t;f’ame=".
$m_¡rOuutExûlFeName
);

82 
h—d”
("Content-Transfer-Encoding:binary");

83 
	g$objWr™”
->
§ve
("php://output");

	@
1
.
0
3
49
consumedCoupons.php
teamList.php
teamToExcel.php
